<?xml version="1.0" encoding="UTF-8"?>
<coverage generated="1670527206085" clover="3.2.0">
  <project timestamp="1670527206085" name="All files">
    <metrics statements="20" coveredstatements="19" conditionals="6" coveredconditionals="5" methods="7" coveredmethods="6" elements="33" coveredelements="30" complexity="0" loc="20" ncloc="20" packages="1" files="3" classes="3"/>
    <file name="CreateBlog.jsx" path="C:\Users\wasim\OneDrive\Desktop\fso_part_5\src\components\CreateBlog.jsx">
      <metrics statements="8" coveredstatements="8" conditionals="0" coveredconditionals="0" methods="3" coveredmethods="3"/>
      <line num="3" count="1" type="stmt"/>
      <line num="9" count="1" type="stmt"/>
      <line num="10" count="78" type="stmt"/>
      <line num="12" count="78" type="stmt"/>
      <line num="13" count="77" type="stmt"/>
      <line num="15" count="77" type="stmt"/>
      <line num="21" count="78" type="stmt"/>
      <line num="23" count="1" type="stmt"/>
    </file>
    <file name="Notification.jsx" path="C:\Users\wasim\OneDrive\Desktop\fso_part_5\src\components\Notification.jsx">
      <metrics statements="4" coveredstatements="4" conditionals="2" coveredconditionals="1" methods="1" coveredmethods="1"/>
      <line num="4" count="1" type="stmt"/>
      <line num="12" count="1" type="stmt"/>
      <line num="13" count="1" type="cond" truecount="1" falsecount="1"/>
      <line num="24" count="1" type="stmt"/>
    </file>
    <file name="Togglable.jsx" path="C:\Users\wasim\OneDrive\Desktop\fso_part_5\src\components\Togglable.jsx">
      <metrics statements="8" coveredstatements="7" conditionals="4" coveredconditionals="4" methods="3" coveredmethods="2"/>
      <line num="4" count="1" type="stmt"/>
      <line num="5" count="7" type="stmt"/>
      <line num="8" count="3" type="stmt"/>
      <line num="11" count="7" type="stmt"/>
      <line num="12" count="0" type="stmt"/>
      <line num="17" count="7" type="stmt"/>
      <line num="30" count="1" type="stmt"/>
      <line num="34" count="1" type="stmt"/>
    </file>
  </project>
</coverage>
