{"C:\\Users\\wasim\\OneDrive\\Desktop\\fso_part_5\\src\\components\\CreateBlog.jsx": {"path":"C:\\Users\\wasim\\OneDrive\\Desktop\\fso_part_5\\src\\components\\CreateBlog.jsx","statementMap":{"0":{"start":{"line":3,"column":22},"end":{"line":7,"column":1}},"1":{"start":{"line":9,"column":19},"end":{"line":59,"column":1}},"2":{"start":{"line":10,"column":30},"end":{"line":10,"column":53}},"3":{"start":{"line":12,"column":28},"end":{"line":19,"column":3}},"4":{"start":{"line":13,"column":28},"end":{"line":13,"column":36}},"5":{"start":{"line":15,"column":4},"end":{"line":18,"column":6}},"6":{"start":{"line":21,"column":2},"end":{"line":58,"column":3}},"7":{"start":{"line":23,"column":29},"end":{"line":23,"column":73}}},"fnMap":{"0":{"name":"(anonymous_0)","decl":{"start":{"line":9,"column":19},"end":{"line":9,"column":20}},"loc":{"start":{"line":9,"column":36},"end":{"line":59,"column":1}},"line":9},"1":{"name":"(anonymous_1)","decl":{"start":{"line":12,"column":28},"end":{"line":12,"column":29}},"loc":{"start":{"line":12,"column":35},"end":{"line":19,"column":3}},"line":12},"2":{"name":"(anonymous_2)","decl":{"start":{"line":23,"column":22},"end":{"line":23,"column":23}},"loc":{"start":{"line":23,"column":29},"end":{"line":23,"column":73}},"line":23}},"branchMap":{},"s":{"0":1,"1":1,"2":78,"3":78,"4":77,"5":77,"6":78,"7":1},"f":{"0":78,"1":77,"2":1},"b":{},"_coverageSchema":"1a1c01bbd47fc00a2c39e90264f33305004495a9","hash":"215fc19800139dc49d0f49e08c88047e77c69209"}
,"C:\\Users\\wasim\\OneDrive\\Desktop\\fso_part_5\\src\\components\\Notification.jsx": {"path":"C:\\Users\\wasim\\OneDrive\\Desktop\\fso_part_5\\src\\components\\Notification.jsx","statementMap":{"0":{"start":{"line":4,"column":27},"end":{"line":10,"column":1}},"1":{"start":{"line":12,"column":21},"end":{"line":22,"column":1}},"2":{"start":{"line":13,"column":2},"end":{"line":21,"column":3}},"3":{"start":{"line":24,"column":0},"end":{"line":27,"column":1}}},"fnMap":{"0":{"name":"(anonymous_0)","decl":{"start":{"line":12,"column":21},"end":{"line":12,"column":22}},"loc":{"start":{"line":12,"column":47},"end":{"line":22,"column":1}},"line":12}},"branchMap":{"0":{"loc":{"start":{"line":13,"column":9},"end":{"line":21,"column":3}},"type":"cond-expr","locations":[{"start":{"line":14,"column":4},"end":{"line":16,"column":10}},{"start":{"line":18,"column":4},"end":{"line":20,"column":10}}],"line":13}},"s":{"0":1,"1":1,"2":1,"3":1},"f":{"0":1},"b":{"0":[0,1]},"_coverageSchema":"1a1c01bbd47fc00a2c39e90264f33305004495a9","hash":"342abc24ddf11094b229fec36e9ad67115401cab"}
,"C:\\Users\\wasim\\OneDrive\\Desktop\\fso_part_5\\src\\components\\Togglable.jsx": {"path":"C:\\Users\\wasim\\OneDrive\\Desktop\\fso_part_5\\src\\components\\Togglable.jsx","statementMap":{"0":{"start":{"line":4,"column":18},"end":{"line":28,"column":2}},"1":{"start":{"line":5,"column":32},"end":{"line":5,"column":47}},"2":{"start":{"line":8,"column":4},"end":{"line":8,"column":24}},"3":{"start":{"line":11,"column":2},"end":{"line":15,"column":4}},"4":{"start":{"line":12,"column":4},"end":{"line":14,"column":5}},"5":{"start":{"line":17,"column":2},"end":{"line":27,"column":3}},"6":{"start":{"line":30,"column":0},"end":{"line":32,"column":1}},"7":{"start":{"line":34,"column":0},"end":{"line":34,"column":35}}},"fnMap":{"0":{"name":"(anonymous_0)","decl":{"start":{"line":4,"column":29},"end":{"line":4,"column":30}},"loc":{"start":{"line":4,"column":46},"end":{"line":28,"column":1}},"line":4},"1":{"name":"toggleVisibility","decl":{"start":{"line":7,"column":11},"end":{"line":7,"column":27}},"loc":{"start":{"line":7,"column":30},"end":{"line":9,"column":3}},"line":7},"2":{"name":"(anonymous_2)","decl":{"start":{"line":11,"column":28},"end":{"line":11,"column":29}},"loc":{"start":{"line":11,"column":34},"end":{"line":15,"column":3}},"line":11}},"branchMap":{"0":{"loc":{"start":{"line":19,"column":32},"end":{"line":19,"column":53}},"type":"cond-expr","locations":[{"start":{"line":19,"column":42},"end":{"line":19,"column":48}},{"start":{"line":19,"column":51},"end":{"line":19,"column":53}}],"line":19},"1":{"loc":{"start":{"line":22,"column":61},"end":{"line":22,"column":82}},"type":"cond-expr","locations":[{"start":{"line":22,"column":71},"end":{"line":22,"column":73}},{"start":{"line":22,"column":76},"end":{"line":22,"column":82}}],"line":22}},"s":{"0":1,"1":7,"2":3,"3":7,"4":0,"5":7,"6":1,"7":1},"f":{"0":7,"1":3,"2":0},"b":{"0":[2,5],"1":[2,5]},"_coverageSchema":"1a1c01bbd47fc00a2c39e90264f33305004495a9","hash":"eaecf61e7409f8a720463fa0edf0d7a3d97063f2"}
}
