TN:
SF:src\components\CreateBlog.jsx
FN:9,(anonymous_0)
FN:12,(anonymous_1)
FN:23,(anonymous_2)
FNF:3
FNH:3
FNDA:78,(anonymous_0)
FNDA:77,(anonymous_1)
FNDA:1,(anonymous_2)
DA:3,1
DA:9,1
DA:10,78
DA:12,78
DA:13,77
DA:15,77
DA:21,78
DA:23,1
LF:8
LH:8
BRF:0
BRH:0
end_of_record
TN:
SF:src\components\Notification.jsx
FN:12,(anonymous_0)
FNF:1
FNH:1
FNDA:1,(anonymous_0)
DA:4,1
DA:12,1
DA:13,1
DA:24,1
LF:4
LH:4
BRDA:13,0,0,0
BRDA:13,0,1,1
BRF:2
BRH:1
end_of_record
TN:
SF:src\components\Togglable.jsx
FN:4,(anonymous_0)
FN:7,toggleVisibility
FN:11,(anonymous_2)
FNF:3
FNH:2
FNDA:7,(anonymous_0)
FNDA:3,toggleVisibility
FNDA:0,(anonymous_2)
DA:4,1
DA:5,7
DA:8,3
DA:11,7
DA:12,0
DA:17,7
DA:30,1
DA:34,1
LF:8
LH:7
BRDA:19,0,0,2
BRDA:19,0,1,5
BRDA:22,1,0,2
BRDA:22,1,1,5
BRF:4
BRH:4
end_of_record
